


ARM Macro Assembler    Page 1 


    1 00000000         #line   1                "hal\\lpc_112x\\startup\\keil_s
tartup_lpc112x.s"
    1 00000000         ;
    2 00000000         
    3 00000000         
    4 00000000         
    5 00000000         
    6 00000000         
    7 00000000         
    8 00000000         
    9 00000000         
   10 00000000         
   11 00000000         
   12 00000000         
   13 00000000         
   14 00000000         
   15 00000000         
   16 00000000         
   17 00000000         
   18 00000000         
   19 00000000         
   20 00000000         
   21 00000000         
   22 00000000         
   23 00000000         ; <h> Stack Configuration
   24 00000000         ;   <o> Stack Size (in Bytes) <0x0-0xFFFFFFFF:8>
   25 00000000         ; </h>
   26 00000000         
   27 00000000 00000200 
                       Stack_Size
                               EQU              0x00000200
   28 00000000         
   29 00000000                 AREA             STACK, NOINIT, READWRITE, ALIGN
=3
   30 00000000         Stack_Mem
                               SPACE            Stack_Size
   31 00000200         __initial_sp
   32 00000200         
   33 00000200         
   34 00000200         ; <h> Heap Configuration
   35 00000200         ;   <o>  Heap Size (in Bytes) <0x0-0xFFFFFFFF:8>
   36 00000200         ; </h>
   37 00000200         
   38 00000200 00000100 
                       Heap_Size
                               EQU              0x00000100
   39 00000200         
   40 00000200                 AREA             HEAP, NOINIT, READWRITE, ALIGN=
3
   41 00000000         __heap_base
   42 00000000         Heap_Mem
                               SPACE            Heap_Size
   43 00000100         __heap_limit
   44 00000100         
   45 00000100         
   46 00000100                 PRESERVE8
   47 00000100                 THUMB
   48 00000100         
   49 00000100         



ARM Macro Assembler    Page 2 


   50 00000100         ; Vector Table Mapped to Address 0 at Reset
   51 00000100         
   52 00000100                 AREA             RESET, DATA, READONLY
   53 00000000                 EXPORT           __Vectors
   54 00000000         
   55 00000000 00000000 
                       __Vectors
                               DCD              __initial_sp ; Top of Stack
   56 00000004 00000000        DCD              Reset_Handler ; Reset Handler
   57 00000008 00000000        DCD              NMI_Handler ; NMI Handler
   58 0000000C 00000000        DCD              HardFault_Handler ; Hard Fault 
                                                            Handler
   59 00000010 00000000        DCD              MemManage_Handler 
                                                            ; MPU Fault Handler
                                                            
   60 00000014 00000000        DCD              BusFault_Handler 
                                                            ; Bus Fault Handler
                                                            
   61 00000018 00000000        DCD              UsageFault_Handler ; Usage Faul
                                                            t Handler
   62 0000001C 00000000        DCD              0           ; Reserved
   63 00000020 00000000        DCD              0           ; Reserved
   64 00000024 00000000        DCD              0           ; Reserved
   65 00000028 00000000        DCD              0           ; Reserved
   66 0000002C 00000000        DCD              SVC_Handler ; SVCall Handler
   67 00000030 00000000        DCD              DebugMon_Handler ; Debug Monito
                                                            r Handler
   68 00000034 00000000        DCD              0           ; Reserved
   69 00000038 00000000        DCD              PendSV_Handler ; PendSV Handler
                                                            
   70 0000003C 00000000        DCD              SysTick_Handler 
                                                            ; SysTick Handler
   71 00000040         
   72 00000040         ; Wakeup sources for the I/O pins:
   73 00000040         ;    PIO0 (0:11)
   74 00000040         ;    PIO1 (0)
   75 00000040 00000000        DCD              WAKEUP_IRQHandler 
                                                            ; PIO0_0  Wakeup
   76 00000044 00000000        DCD              WAKEUP_IRQHandler 
                                                            ; PIO0_1  Wakeup
   77 00000048 00000000        DCD              WAKEUP_IRQHandler 
                                                            ; PIO0_2  Wakeup
   78 0000004C 00000000        DCD              WAKEUP_IRQHandler 
                                                            ; PIO0_3  Wakeup
   79 00000050 00000000        DCD              WAKEUP_IRQHandler 
                                                            ; PIO0_4  Wakeup
   80 00000054 00000000        DCD              WAKEUP_IRQHandler 
                                                            ; PIO0_5  Wakeup
   81 00000058 00000000        DCD              WAKEUP_IRQHandler 
                                                            ; PIO0_6  Wakeup
   82 0000005C 00000000        DCD              WAKEUP_IRQHandler 
                                                            ; PIO0_7  Wakeup
   83 00000060 00000000        DCD              WAKEUP_IRQHandler 
                                                            ; PIO0_8  Wakeup
   84 00000064 00000000        DCD              WAKEUP_IRQHandler 
                                                            ; PIO0_9  Wakeup
   85 00000068 00000000        DCD              WAKEUP_IRQHandler 
                                                            ; PIO0_10 Wakeup
   86 0000006C 00000000        DCD              WAKEUP_IRQHandler 



ARM Macro Assembler    Page 3 


                                                            ; PIO0_11 Wakeup
   87 00000070 00000000        DCD              WAKEUP_IRQHandler 
                                                            ; PIO1_0  Wakeup
   88 00000074 00000000        DCD              ADCB_IRQHandler 
                                                            ; ADC B sequence
   89 00000078 00000000        DCD              SSP1_IRQHandler ; SPI/SSP1 Inte
                                                            rrupt
   90 0000007C 00000000        DCD              I2C_IRQHandler ; I2C0
   91 00000080 00000000        DCD              TIMER16_0_IRQHandler ; CT16B0 (
                                                            16-bit Timer 0)
   92 00000084 00000000        DCD              TIMER16_1_IRQHandler ; CT16B1 (
                                                            16-bit Timer 1)
   93 00000088 00000000        DCD              TIMER32_0_IRQHandler ; CT32B0 (
                                                            32-bit Timer 0)
   94 0000008C 00000000        DCD              TIMER32_1_IRQHandler ; CT32B1 (
                                                            32-bit Timer 1)
   95 00000090 00000000        DCD              SSP0_IRQHandler ; SPI/SSP0 Inte
                                                            rrupt
   96 00000094 00000000        DCD              UART_IRQHandler ; UART0
   97 00000098 00000000        DCD              UART1_IRQHandler ; UART1
   98 0000009C 00000000        DCD              UART2_IRQHandler ; UART2
   99 000000A0 00000000        DCD              ADCA_IRQHandler ; ADC A sequenc
                                                            e (A/D Converter)
  100 000000A4 00000000        DCD              WDT_IRQHandler ; WDT   (Watchdo
                                                            g Timer)
  101 000000A8 00000000        DCD              BOD_IRQHandler ; BOD   (Brownou
                                                            t Detect)
  102 000000AC 00000000        DCD              Reserved_IRQHandler
  103 000000B0 00000000        DCD              PIOINT3_IRQHandler ; PIO INT3
  104 000000B4 00000000        DCD              PIOINT2_IRQHandler ; PIO INT2
  105 000000B8 00000000        DCD              PIOINT1_IRQHandler ; PIO INT1
  106 000000BC 00000000        DCD              PIOINT0_IRQHandler ; PIO INT0
  107 000000C0         
  108 000000C0                 IF               :LNOT::DEF:NO_CRP
  109 000000C0                 AREA             |.ARM.__at_0x02FC|, CODE, READO
NLY
  110 00000000 FFFFFFFF 
                       CRP_Key DCD              0xFFFFFFFF
  111 00000004                 ENDIF
  112 00000004         
  113 00000004         
  114 00000004                 AREA             |.text|, CODE, READONLY
  115 00000000         
  116 00000000         
  117 00000000         ; Reset Handler
  118 00000000         
  119 00000000         Reset_Handler
                               PROC
  120 00000000                 EXPORT           Reset_Handler             [WEAK
]
  121 00000000                 IMPORT           __main
  122 00000000 4809            LDR              R0, =__main
  123 00000002 4700            BX               R0
  124 00000004                 ENDP
  125 00000004         
  126 00000004         
  127 00000004         ; Dummy Exception Handlers (infinite loops which can be 
                       modified)                
  128 00000004         



ARM Macro Assembler    Page 4 


  129 00000004         ; now, under COMMON NMI.c and NMI.h, a real NMI handler 
                       is created if NMI is enabled 
  130 00000004         ; for particular peripheral.
  131 00000004         NMI_Handler
                               PROC
  132 00000004                 EXPORT           NMI_Handler               [WEAK
]
  133 00000004 E7FE            B                .
  134 00000006                 ENDP
  135 00000006         HardFault_Handler
                               PROC
  136 00000006         
  137 00000006                 EXPORT           HardFault_Handler         [WEAK
]
  138 00000006 E7FE            B                .
  139 00000008                 ENDP
  140 00000008         MemManage_Handler
                               PROC
  141 00000008         
  142 00000008                 EXPORT           MemManage_Handler         [WEAK
]
  143 00000008 E7FE            B                .
  144 0000000A                 ENDP
  145 0000000A         BusFault_Handler
                               PROC
  146 0000000A         
  147 0000000A                 EXPORT           BusFault_Handler          [WEAK
]
  148 0000000A E7FE            B                .
  149 0000000C                 ENDP
  150 0000000C         UsageFault_Handler
                               PROC
  151 0000000C         
  152 0000000C                 EXPORT           UsageFault_Handler        [WEAK
]
  153 0000000C E7FE            B                .
  154 0000000E                 ENDP
  155 0000000E         SVC_Handler
                               PROC
  156 0000000E                 EXPORT           SVC_Handler               [WEAK
]
  157 0000000E E7FE            B                .
  158 00000010                 ENDP
  159 00000010         DebugMon_Handler
                               PROC
  160 00000010         
  161 00000010                 EXPORT           DebugMon_Handler          [WEAK
]
  162 00000010 E7FE            B                .
  163 00000012                 ENDP
  164 00000012         PendSV_Handler
                               PROC
  165 00000012                 EXPORT           PendSV_Handler            [WEAK
]
  166 00000012 E7FE            B                .
  167 00000014                 ENDP
  168 00000014         SysTick_Handler
                               PROC
  169 00000014                 EXPORT           SysTick_Handler           [WEAK



ARM Macro Assembler    Page 5 


]
  170 00000014 E7FE            B                .
  171 00000016                 ENDP
  172 00000016         Reserved_IRQHandler
                               PROC
  173 00000016                 EXPORT           Reserved_IRQHandler       [WEAK
]
  174 00000016 E7FE            B                .
  175 00000018                 ENDP
  176 00000018         
  177 00000018         Default_Handler
                               PROC
  178 00000018                 EXPORT           WAKEUP_IRQHandler        [WEAK]
  179 00000018                 EXPORT           ADCB_IRQHandler          [WEAK]
  180 00000018                 EXPORT           SSP1_IRQHandler          [WEAK]
  181 00000018                 EXPORT           I2C_IRQHandler           [WEAK]
  182 00000018                 EXPORT           TIMER16_0_IRQHandler     [WEAK]
  183 00000018                 EXPORT           TIMER16_1_IRQHandler     [WEAK]
  184 00000018                 EXPORT           TIMER32_0_IRQHandler     [WEAK]
  185 00000018                 EXPORT           TIMER32_1_IRQHandler     [WEAK]
  186 00000018                 EXPORT           SSP0_IRQHandler          [WEAK]
  187 00000018                 EXPORT           UART_IRQHandler          [WEAK]
  188 00000018                 EXPORT           UART1_IRQHandler         [WEAK]
  189 00000018                 EXPORT           UART2_IRQHandler         [WEAK]
  190 00000018                 EXPORT           ADCA_IRQHandler          [WEAK]
  191 00000018                 EXPORT           WDT_IRQHandler           [WEAK]
  192 00000018                 EXPORT           BOD_IRQHandler           [WEAK]
  193 00000018                 EXPORT           PIOINT3_IRQHandler       [WEAK]
  194 00000018                 EXPORT           PIOINT2_IRQHandler       [WEAK]
  195 00000018                 EXPORT           PIOINT1_IRQHandler       [WEAK]
  196 00000018                 EXPORT           PIOINT0_IRQHandler       [WEAK]
  197 00000018         WAKEUP_IRQHandler
  198 00000018         ADCB_IRQHandler
  199 00000018         SSP1_IRQHandler
  200 00000018         I2C_IRQHandler
  201 00000018         TIMER16_0_IRQHandler
  202 00000018         TIMER16_1_IRQHandler
  203 00000018         TIMER32_0_IRQHandler
  204 00000018         TIMER32_1_IRQHandler
  205 00000018         SSP0_IRQHandler
  206 00000018         UART_IRQHandler
  207 00000018         UART1_IRQHandler
  208 00000018         UART2_IRQHandler
  209 00000018         ADCA_IRQHandler
  210 00000018         WDT_IRQHandler
  211 00000018         BOD_IRQHandler
  212 00000018         PIOINT3_IRQHandler
  213 00000018         PIOINT2_IRQHandler
  214 00000018         PIOINT1_IRQHandler
  215 00000018         PIOINT0_IRQHandler
  216 00000018 E7FE            B                .
  217 0000001A         
  218 0000001A                 ENDP
  219 0000001A         
  220 0000001A 00 00           ALIGN
  221 0000001C         
  222 0000001C         ; User Initial Stack & Heap
  223 0000001C         
  224 0000001C                 IF               :DEF:__MICROLIB



ARM Macro Assembler    Page 6 


  231 0000001C         
  232 0000001C                 IMPORT           __use_two_region_memory
  233 0000001C                 EXPORT           __user_initial_stackheap
  234 0000001C         __user_initial_stackheap
  235 0000001C         
  236 0000001C 4803            LDR              R0, =  Heap_Mem
  237 0000001E 4904            LDR              R1, =(Stack_Mem + Stack_Size)
  238 00000020 4A04            LDR              R2, = (Heap_Mem +  Heap_Size)
  239 00000022 4B05            LDR              R3, = Stack_Mem
  240 00000024 4770            BX               LR
  241 00000026         
  242 00000026 00 00           ALIGN
  243 00000028         
  244 00000028                 ENDIF
  245 00000028         
  246 00000028                 END
              00000000 
              00000000 
              00000200 
              00000100 
              00000000 
Command Line: --debug --xref --cpreproc --diag_suppress=9931 --cpu=Cortex-M0 --
apcs=interwork --depend=.\objects\keil_startup_lpc112x.d -o.\objects\keil_start
up_lpc112x.o -I.\RTE\_lpc112x_api -I"D:\Application\uVision Keil\ARM\PACK\Keil\
LPC1100_DFP\1.4.0\Device\Include\LPC112x" -I"D:\Application\uVision Keil\ARM\CM
SIS\Include" --predefine="__EVAL SETA 1" --predefine="__UVISION_VERSION SETA 52
4" --predefine="LPC1125 SETA 1" --predefine="CORE_M0 SETA 1" --list=.\listings\
keil_startup_lpc112x.lst hal\lpc_112x\startup\keil_startup_lpc112x.s



ARM Macro Assembler    Page 1 Alphabetic symbol ordering
Relocatable symbols

STACK 00000000

Symbol: STACK
   Definitions
      At line 29 in file hal\\lpc_112x\\startup\\keil_startup_lpc112x.s
   Uses
      None
Comment: STACK unused
Stack_Mem 00000000

Symbol: Stack_Mem
   Definitions
      At line 30 in file hal\\lpc_112x\\startup\\keil_startup_lpc112x.s
   Uses
      At line 237 in file hal\\lpc_112x\\startup\\keil_startup_lpc112x.s
      At line 239 in file hal\\lpc_112x\\startup\\keil_startup_lpc112x.s

__initial_sp 00000200

Symbol: __initial_sp
   Definitions
      At line 31 in file hal\\lpc_112x\\startup\\keil_startup_lpc112x.s
   Uses
      At line 55 in file hal\\lpc_112x\\startup\\keil_startup_lpc112x.s
Comment: __initial_sp used once
3 symbols



ARM Macro Assembler    Page 1 Alphabetic symbol ordering
Relocatable symbols

HEAP 00000000

Symbol: HEAP
   Definitions
      At line 40 in file hal\\lpc_112x\\startup\\keil_startup_lpc112x.s
   Uses
      None
Comment: HEAP unused
Heap_Mem 00000000

Symbol: Heap_Mem
   Definitions
      At line 42 in file hal\\lpc_112x\\startup\\keil_startup_lpc112x.s
   Uses
      At line 236 in file hal\\lpc_112x\\startup\\keil_startup_lpc112x.s
      At line 238 in file hal\\lpc_112x\\startup\\keil_startup_lpc112x.s

__heap_base 00000000

Symbol: __heap_base
   Definitions
      At line 41 in file hal\\lpc_112x\\startup\\keil_startup_lpc112x.s
   Uses
      None
Comment: __heap_base unused
__heap_limit 00000100

Symbol: __heap_limit
   Definitions
      At line 43 in file hal\\lpc_112x\\startup\\keil_startup_lpc112x.s
   Uses
      None
Comment: __heap_limit unused
4 symbols



ARM Macro Assembler    Page 1 Alphabetic symbol ordering
Relocatable symbols

RESET 00000000

Symbol: RESET
   Definitions
      At line 52 in file hal\\lpc_112x\\startup\\keil_startup_lpc112x.s
   Uses
      None
Comment: RESET unused
__Vectors 00000000

Symbol: __Vectors
   Definitions
      At line 55 in file hal\\lpc_112x\\startup\\keil_startup_lpc112x.s
   Uses
      At line 53 in file hal\\lpc_112x\\startup\\keil_startup_lpc112x.s
Comment: __Vectors used once
2 symbols



ARM Macro Assembler    Page 1 Alphabetic symbol ordering
Relocatable symbols

.ARM.__at_0x02FC 00000000

Symbol: .ARM.__at_0x02FC
   Definitions
      At line 109 in file hal\\lpc_112x\\startup\\keil_startup_lpc112x.s
   Uses
      None
Comment: .ARM.__at_0x02FC unused
CRP_Key 00000000

Symbol: CRP_Key
   Definitions
      At line 110 in file hal\\lpc_112x\\startup\\keil_startup_lpc112x.s
   Uses
      None
Comment: CRP_Key unused
2 symbols



ARM Macro Assembler    Page 1 Alphabetic symbol ordering
Relocatable symbols

.text 00000000

Symbol: .text
   Definitions
      At line 114 in file hal\\lpc_112x\\startup\\keil_startup_lpc112x.s
   Uses
      None
Comment: .text unused
ADCA_IRQHandler 00000018

Symbol: ADCA_IRQHandler
   Definitions
      At line 209 in file hal\\lpc_112x\\startup\\keil_startup_lpc112x.s
   Uses
      At line 99 in file hal\\lpc_112x\\startup\\keil_startup_lpc112x.s
      At line 190 in file hal\\lpc_112x\\startup\\keil_startup_lpc112x.s

ADCB_IRQHandler 00000018

Symbol: ADCB_IRQHandler
   Definitions
      At line 198 in file hal\\lpc_112x\\startup\\keil_startup_lpc112x.s
   Uses
      At line 88 in file hal\\lpc_112x\\startup\\keil_startup_lpc112x.s
      At line 179 in file hal\\lpc_112x\\startup\\keil_startup_lpc112x.s

BOD_IRQHandler 00000018

Symbol: BOD_IRQHandler
   Definitions
      At line 211 in file hal\\lpc_112x\\startup\\keil_startup_lpc112x.s
   Uses
      At line 101 in file hal\\lpc_112x\\startup\\keil_startup_lpc112x.s
      At line 192 in file hal\\lpc_112x\\startup\\keil_startup_lpc112x.s

BusFault_Handler 0000000A

Symbol: BusFault_Handler
   Definitions
      At line 145 in file hal\\lpc_112x\\startup\\keil_startup_lpc112x.s
   Uses
      At line 60 in file hal\\lpc_112x\\startup\\keil_startup_lpc112x.s
      At line 147 in file hal\\lpc_112x\\startup\\keil_startup_lpc112x.s

DebugMon_Handler 00000010

Symbol: DebugMon_Handler
   Definitions
      At line 159 in file hal\\lpc_112x\\startup\\keil_startup_lpc112x.s
   Uses
      At line 67 in file hal\\lpc_112x\\startup\\keil_startup_lpc112x.s
      At line 161 in file hal\\lpc_112x\\startup\\keil_startup_lpc112x.s

Default_Handler 00000018

Symbol: Default_Handler
   Definitions
      At line 177 in file hal\\lpc_112x\\startup\\keil_startup_lpc112x.s
   Uses



ARM Macro Assembler    Page 2 Alphabetic symbol ordering
Relocatable symbols

      None
Comment: Default_Handler unused
HardFault_Handler 00000006

Symbol: HardFault_Handler
   Definitions
      At line 135 in file hal\\lpc_112x\\startup\\keil_startup_lpc112x.s
   Uses
      At line 58 in file hal\\lpc_112x\\startup\\keil_startup_lpc112x.s
      At line 137 in file hal\\lpc_112x\\startup\\keil_startup_lpc112x.s

I2C_IRQHandler 00000018

Symbol: I2C_IRQHandler
   Definitions
      At line 200 in file hal\\lpc_112x\\startup\\keil_startup_lpc112x.s
   Uses
      At line 90 in file hal\\lpc_112x\\startup\\keil_startup_lpc112x.s
      At line 181 in file hal\\lpc_112x\\startup\\keil_startup_lpc112x.s

MemManage_Handler 00000008

Symbol: MemManage_Handler
   Definitions
      At line 140 in file hal\\lpc_112x\\startup\\keil_startup_lpc112x.s
   Uses
      At line 59 in file hal\\lpc_112x\\startup\\keil_startup_lpc112x.s
      At line 142 in file hal\\lpc_112x\\startup\\keil_startup_lpc112x.s

NMI_Handler 00000004

Symbol: NMI_Handler
   Definitions
      At line 131 in file hal\\lpc_112x\\startup\\keil_startup_lpc112x.s
   Uses
      At line 57 in file hal\\lpc_112x\\startup\\keil_startup_lpc112x.s
      At line 132 in file hal\\lpc_112x\\startup\\keil_startup_lpc112x.s

PIOINT0_IRQHandler 00000018

Symbol: PIOINT0_IRQHandler
   Definitions
      At line 215 in file hal\\lpc_112x\\startup\\keil_startup_lpc112x.s
   Uses
      At line 106 in file hal\\lpc_112x\\startup\\keil_startup_lpc112x.s
      At line 196 in file hal\\lpc_112x\\startup\\keil_startup_lpc112x.s

PIOINT1_IRQHandler 00000018

Symbol: PIOINT1_IRQHandler
   Definitions
      At line 214 in file hal\\lpc_112x\\startup\\keil_startup_lpc112x.s
   Uses
      At line 105 in file hal\\lpc_112x\\startup\\keil_startup_lpc112x.s
      At line 195 in file hal\\lpc_112x\\startup\\keil_startup_lpc112x.s

PIOINT2_IRQHandler 00000018

Symbol: PIOINT2_IRQHandler



ARM Macro Assembler    Page 3 Alphabetic symbol ordering
Relocatable symbols

   Definitions
      At line 213 in file hal\\lpc_112x\\startup\\keil_startup_lpc112x.s
   Uses
      At line 104 in file hal\\lpc_112x\\startup\\keil_startup_lpc112x.s
      At line 194 in file hal\\lpc_112x\\startup\\keil_startup_lpc112x.s

PIOINT3_IRQHandler 00000018

Symbol: PIOINT3_IRQHandler
   Definitions
      At line 212 in file hal\\lpc_112x\\startup\\keil_startup_lpc112x.s
   Uses
      At line 103 in file hal\\lpc_112x\\startup\\keil_startup_lpc112x.s
      At line 193 in file hal\\lpc_112x\\startup\\keil_startup_lpc112x.s

PendSV_Handler 00000012

Symbol: PendSV_Handler
   Definitions
      At line 164 in file hal\\lpc_112x\\startup\\keil_startup_lpc112x.s
   Uses
      At line 69 in file hal\\lpc_112x\\startup\\keil_startup_lpc112x.s
      At line 165 in file hal\\lpc_112x\\startup\\keil_startup_lpc112x.s

Reserved_IRQHandler 00000016

Symbol: Reserved_IRQHandler
   Definitions
      At line 172 in file hal\\lpc_112x\\startup\\keil_startup_lpc112x.s
   Uses
      At line 102 in file hal\\lpc_112x\\startup\\keil_startup_lpc112x.s
      At line 173 in file hal\\lpc_112x\\startup\\keil_startup_lpc112x.s

Reset_Handler 00000000

Symbol: Reset_Handler
   Definitions
      At line 119 in file hal\\lpc_112x\\startup\\keil_startup_lpc112x.s
   Uses
      At line 56 in file hal\\lpc_112x\\startup\\keil_startup_lpc112x.s
      At line 120 in file hal\\lpc_112x\\startup\\keil_startup_lpc112x.s

SSP0_IRQHandler 00000018

Symbol: SSP0_IRQHandler
   Definitions
      At line 205 in file hal\\lpc_112x\\startup\\keil_startup_lpc112x.s
   Uses
      At line 95 in file hal\\lpc_112x\\startup\\keil_startup_lpc112x.s
      At line 186 in file hal\\lpc_112x\\startup\\keil_startup_lpc112x.s

SSP1_IRQHandler 00000018

Symbol: SSP1_IRQHandler
   Definitions
      At line 199 in file hal\\lpc_112x\\startup\\keil_startup_lpc112x.s
   Uses
      At line 89 in file hal\\lpc_112x\\startup\\keil_startup_lpc112x.s
      At line 180 in file hal\\lpc_112x\\startup\\keil_startup_lpc112x.s



ARM Macro Assembler    Page 4 Alphabetic symbol ordering
Relocatable symbols


SVC_Handler 0000000E

Symbol: SVC_Handler
   Definitions
      At line 155 in file hal\\lpc_112x\\startup\\keil_startup_lpc112x.s
   Uses
      At line 66 in file hal\\lpc_112x\\startup\\keil_startup_lpc112x.s
      At line 156 in file hal\\lpc_112x\\startup\\keil_startup_lpc112x.s

SysTick_Handler 00000014

Symbol: SysTick_Handler
   Definitions
      At line 168 in file hal\\lpc_112x\\startup\\keil_startup_lpc112x.s
   Uses
      At line 70 in file hal\\lpc_112x\\startup\\keil_startup_lpc112x.s
      At line 169 in file hal\\lpc_112x\\startup\\keil_startup_lpc112x.s

TIMER16_0_IRQHandler 00000018

Symbol: TIMER16_0_IRQHandler
   Definitions
      At line 201 in file hal\\lpc_112x\\startup\\keil_startup_lpc112x.s
   Uses
      At line 91 in file hal\\lpc_112x\\startup\\keil_startup_lpc112x.s
      At line 182 in file hal\\lpc_112x\\startup\\keil_startup_lpc112x.s

TIMER16_1_IRQHandler 00000018

Symbol: TIMER16_1_IRQHandler
   Definitions
      At line 202 in file hal\\lpc_112x\\startup\\keil_startup_lpc112x.s
   Uses
      At line 92 in file hal\\lpc_112x\\startup\\keil_startup_lpc112x.s
      At line 183 in file hal\\lpc_112x\\startup\\keil_startup_lpc112x.s

TIMER32_0_IRQHandler 00000018

Symbol: TIMER32_0_IRQHandler
   Definitions
      At line 203 in file hal\\lpc_112x\\startup\\keil_startup_lpc112x.s
   Uses
      At line 93 in file hal\\lpc_112x\\startup\\keil_startup_lpc112x.s
      At line 184 in file hal\\lpc_112x\\startup\\keil_startup_lpc112x.s

TIMER32_1_IRQHandler 00000018

Symbol: TIMER32_1_IRQHandler
   Definitions
      At line 204 in file hal\\lpc_112x\\startup\\keil_startup_lpc112x.s
   Uses
      At line 94 in file hal\\lpc_112x\\startup\\keil_startup_lpc112x.s
      At line 185 in file hal\\lpc_112x\\startup\\keil_startup_lpc112x.s

UART1_IRQHandler 00000018

Symbol: UART1_IRQHandler
   Definitions



ARM Macro Assembler    Page 5 Alphabetic symbol ordering
Relocatable symbols

      At line 207 in file hal\\lpc_112x\\startup\\keil_startup_lpc112x.s
   Uses
      At line 97 in file hal\\lpc_112x\\startup\\keil_startup_lpc112x.s
      At line 188 in file hal\\lpc_112x\\startup\\keil_startup_lpc112x.s

UART2_IRQHandler 00000018

Symbol: UART2_IRQHandler
   Definitions
      At line 208 in file hal\\lpc_112x\\startup\\keil_startup_lpc112x.s
   Uses
      At line 98 in file hal\\lpc_112x\\startup\\keil_startup_lpc112x.s
      At line 189 in file hal\\lpc_112x\\startup\\keil_startup_lpc112x.s

UART_IRQHandler 00000018

Symbol: UART_IRQHandler
   Definitions
      At line 206 in file hal\\lpc_112x\\startup\\keil_startup_lpc112x.s
   Uses
      At line 96 in file hal\\lpc_112x\\startup\\keil_startup_lpc112x.s
      At line 187 in file hal\\lpc_112x\\startup\\keil_startup_lpc112x.s

UsageFault_Handler 0000000C

Symbol: UsageFault_Handler
   Definitions
      At line 150 in file hal\\lpc_112x\\startup\\keil_startup_lpc112x.s
   Uses
      At line 61 in file hal\\lpc_112x\\startup\\keil_startup_lpc112x.s
      At line 152 in file hal\\lpc_112x\\startup\\keil_startup_lpc112x.s

WAKEUP_IRQHandler 00000018

Symbol: WAKEUP_IRQHandler
   Definitions
      At line 197 in file hal\\lpc_112x\\startup\\keil_startup_lpc112x.s
   Uses
      At line 75 in file hal\\lpc_112x\\startup\\keil_startup_lpc112x.s
      At line 76 in file hal\\lpc_112x\\startup\\keil_startup_lpc112x.s
      At line 77 in file hal\\lpc_112x\\startup\\keil_startup_lpc112x.s
      At line 78 in file hal\\lpc_112x\\startup\\keil_startup_lpc112x.s
      At line 79 in file hal\\lpc_112x\\startup\\keil_startup_lpc112x.s
      At line 80 in file hal\\lpc_112x\\startup\\keil_startup_lpc112x.s
      At line 81 in file hal\\lpc_112x\\startup\\keil_startup_lpc112x.s
      At line 82 in file hal\\lpc_112x\\startup\\keil_startup_lpc112x.s
      At line 83 in file hal\\lpc_112x\\startup\\keil_startup_lpc112x.s
      At line 84 in file hal\\lpc_112x\\startup\\keil_startup_lpc112x.s
      At line 85 in file hal\\lpc_112x\\startup\\keil_startup_lpc112x.s
      At line 86 in file hal\\lpc_112x\\startup\\keil_startup_lpc112x.s
      At line 87 in file hal\\lpc_112x\\startup\\keil_startup_lpc112x.s
      At line 178 in file hal\\lpc_112x\\startup\\keil_startup_lpc112x.s

WDT_IRQHandler 00000018

Symbol: WDT_IRQHandler
   Definitions
      At line 210 in file hal\\lpc_112x\\startup\\keil_startup_lpc112x.s
   Uses



ARM Macro Assembler    Page 6 Alphabetic symbol ordering
Relocatable symbols

      At line 100 in file hal\\lpc_112x\\startup\\keil_startup_lpc112x.s
      At line 191 in file hal\\lpc_112x\\startup\\keil_startup_lpc112x.s

__user_initial_stackheap 0000001C

Symbol: __user_initial_stackheap
   Definitions
      At line 234 in file hal\\lpc_112x\\startup\\keil_startup_lpc112x.s
   Uses
      At line 233 in file hal\\lpc_112x\\startup\\keil_startup_lpc112x.s
Comment: __user_initial_stackheap used once
33 symbols



ARM Macro Assembler    Page 1 Alphabetic symbol ordering
Absolute symbols

Heap_Size 00000100

Symbol: Heap_Size
   Definitions
      At line 38 in file hal\\lpc_112x\\startup\\keil_startup_lpc112x.s
   Uses
      At line 42 in file hal\\lpc_112x\\startup\\keil_startup_lpc112x.s
      At line 238 in file hal\\lpc_112x\\startup\\keil_startup_lpc112x.s

Stack_Size 00000200

Symbol: Stack_Size
   Definitions
      At line 27 in file hal\\lpc_112x\\startup\\keil_startup_lpc112x.s
   Uses
      At line 30 in file hal\\lpc_112x\\startup\\keil_startup_lpc112x.s
      At line 237 in file hal\\lpc_112x\\startup\\keil_startup_lpc112x.s

2 symbols



ARM Macro Assembler    Page 1 Alphabetic symbol ordering
External symbols

__main 00000000

Symbol: __main
   Definitions
      At line 121 in file hal\\lpc_112x\\startup\\keil_startup_lpc112x.s
   Uses
      At line 122 in file hal\\lpc_112x\\startup\\keil_startup_lpc112x.s
Comment: __main used once
__use_two_region_memory 00000000

Symbol: __use_two_region_memory
   Definitions
      At line 232 in file hal\\lpc_112x\\startup\\keil_startup_lpc112x.s
   Uses
      None
Comment: __use_two_region_memory unused
2 symbols
388 symbols in table
